[23:00:00] [main/INFO]: [OptiFine] (Reflector) Field not found: World.tileEntitiesToBeRemoved
[23:00:00] [main/INFO]: [OptiFine] (Reflector) Class not present: net.minecraftforge.eventbus.api.Event$Result
[23:00:00] [main/INFO]: [OptiFine] (Reflector) Method not present: net.minecraftforge.common.extensions.IForgeBlockState.hasTileEntity
[23:00:00] [main/INFO]: [OptiFine] (Reflector) Class not present: net.minecraftforge.common.extensions.IForgeEntity
[23:00:00] [main/INFO]: [OptiFine] (Reflector) Class not present: net.minecraftforge.fml.CrashReportExtender
[23:00:01] [main/INFO]: [OptiFine] (Reflector) Method not present: net.minecraft.tags.ItemTags.createOptional
[23:00:09] [Render thread/INFO]: [OptiFine] (Reflector) Class not present: net.minecraftforge.client.ForgeHooksClient
[23:00:09] [Render thread/INFO]: Environment: authHost='https://authserver.mojang.com', accountsHost='https://api.mojang.com', sessionHost='https://sessionserver.mojang.com', servicesHost='https://api.minecraftservices.com', name='PROD'
[23:00:15] [Render thread/INFO]: Setting user: Player646
[23:00:16] [Render thread/INFO]: [OptiFine] (Reflector) Class not present: net.minecraftforge.client.settings.KeyConflictContext
[23:00:16] [Render thread/INFO]: [OptiFine] (Reflector) Class not present: net.minecraftforge.client.settings.KeyModifier
[23:00:16] [Render thread/INFO]: [OptiFine] (Reflector) Class not present: net.minecraft.launchwrapper.Launch
[23:00:16] [Render thread/INFO]: Backend library: LWJGL version 3.2.2 build 10
[23:00:16] [Render thread/INFO]: [OptiFine] (Reflector) Method not present: net.minecraftforge.fml.loading.progress.EarlyProgressVisualization.handOffWindow
[23:00:24] [Render thread/INFO]: [OptiFine] 
[23:00:24] [Render thread/INFO]: [OptiFine] OptiFine_1.16.5_HD_U_G8
[23:00:24] [Render thread/INFO]: [OptiFine] (Reflector) Class not present: optifine.OptiFineResourceLocator
[23:00:24] [Render thread/INFO]: [OptiFine] Build: null
[23:00:24] [Render thread/INFO]: [OptiFine] OS: Windows 10 (amd64) version 10.0
[23:00:24] [Render thread/INFO]: [OptiFine] Java: 1.8.0_202, Oracle Corporation
[23:00:24] [Render thread/INFO]: [OptiFine] VM: Java HotSpot(TM) 64-Bit Server VM (mixed mode), Oracle Corporation
[23:00:24] [Render thread/INFO]: [OptiFine] LWJGL: 3.3.0 Win32 WGL EGL OSMesa VisualC DLL
[23:00:24] [Render thread/INFO]: [OptiFine] OpenGL: GeForce GTX 1650/PCIe/SSE2, version 4.6.0 NVIDIA 456.71, NVIDIA Corporation
[23:00:24] [Render thread/INFO]: [OptiFine] OpenGL Version: 4.6.0
[23:00:24] [Render thread/INFO]: [OptiFine] Maximum texture size: 32768x32768
[23:00:24] [VersionCheck/INFO]: [OptiFine] Checking for new version
[23:00:24] [Render thread/INFO]: [Shaders] OpenGL Version: 4.6.0 NVIDIA 456.71
[23:00:24] [Render thread/INFO]: [Shaders] Vendor:  NVIDIA Corporation
[23:00:24] [Render thread/INFO]: [Shaders] Renderer: GeForce GTX 1650/PCIe/SSE2
[23:00:24] [Render thread/INFO]: [Shaders] Capabilities:  2.0  2.1  3.0  3.2  4.0 
[23:00:24] [Render thread/INFO]: [Shaders] GL_MAX_DRAW_BUFFERS: 8
[23:00:24] [Render thread/INFO]: [Shaders] GL_MAX_COLOR_ATTACHMENTS_EXT: 8
[23:00:24] [Render thread/INFO]: [Shaders] GL_MAX_TEXTURE_IMAGE_UNITS: 32
[23:00:24] [Render thread/INFO]: [Shaders] Load shaders configuration.
[23:00:24] [Render thread/INFO]: [Shaders] No shaderpack loaded.
[23:00:24] [Render thread/INFO]: [OptiFine] (Reflector) Class not present: net.minecraftforge.fml.common.Loader
[23:00:25] [VersionCheck/INFO]: [OptiFine] Version found: G7
[23:00:27] [Render thread/INFO]: [OptiFine] (Reflector) Class not present: net.minecraftforge.client.ItemModelMesherForge
[23:00:29] [Render thread/INFO]: [OptiFine] (Reflector) Class not present: net.minecraftforge.client.model.pipeline.ForgeBlockModelRenderer
[23:00:29] [Render thread/WARN]: ERROR : Couldn't load Narrator library : Unable to load library 'SAPIWrapper_x64': Can't obtain InputStream for win32-x86-64/SAPIWrapper_x64.dll
ERROR : Couldn't load Narrator library : Unable to load library 'SAPIWrapper_x86': Can't obtain InputStream for win32-x86-64/SAPIWrapper_x86.dll

[23:00:30] [Render thread/INFO]: [OptiFine] (Reflector) Class not present: net.minecraftforge.fml.client.gui.screen.ModListScreen
[23:00:30] [Render thread/INFO]: [OptiFine] (Reflector) Class not present: net.minecraftforge.client.gui.NotificationModUpdateScreen
[23:00:31] [Render thread/INFO]: Reloading ResourceManager: Default
[23:00:31] [Render thread/INFO]: [OptiFine] *** Reloading textures ***
[23:00:31] [Render thread/INFO]: [OptiFine] Resource packs: Default
[23:00:31] [Render thread/INFO]: [OptiFine] (Reflector) Method not present: net.minecraft.client.renderer.RenderTypeLookup.canRenderInLayer
[23:00:31] [Render thread/INFO]: [OptiFine] *** Reflector Forge ***
[23:00:31] [Render thread/INFO]: [OptiFine] (Reflector) Class not present: mods.betterfoliage.client.BetterFoliageClient
[23:00:31] [Render thread/INFO]: [OptiFine] (Reflector) Class not present: net.minecraftforge.fml.BrandingControl
[23:00:31] [Render thread/INFO]: [OptiFine] (Reflector) Class not present: net.minecraftforge.common.capabilities.ICapabilityProvider
[23:00:31] [Render thread/INFO]: [OptiFine] (Reflector) Class not present: net.minecraftforge.common.capabilities.CapabilityProvider
[23:00:31] [Render thread/INFO]: [OptiFine] (Reflector) Class not present: net.minecraftforge.fml.client.ClientModLoader
[23:00:31] [Render thread/INFO]: [OptiFine] (Reflector) Class not present: net.minecraftforge.event.world.ChunkDataEvent$Save
[23:00:31] [Render thread/INFO]: [OptiFine] (Reflector) Class not present: net.minecraftforge.event.world.ChunkEvent$Load
[23:00:31] [Render thread/INFO]: [OptiFine] (Reflector) Class not present: net.minecraftforge.event.world.ChunkEvent$Unload
[23:00:31] [Render thread/INFO]: [OptiFine] (Reflector) Class not present: net.minecraftforge.fml.client.ClientHooks
[23:00:31] [Render thread/INFO]: [OptiFine] (Reflector) Class not present: net.minecraftforge.client.event.GuiScreenEvent$DrawScreenEvent$Pre
[23:00:31] [Render thread/INFO]: [OptiFine] (Reflector) Class not present: net.minecraftforge.client.event.GuiScreenEvent$DrawScreenEvent$Post
[23:00:31] [Render thread/INFO]: [OptiFine] (Reflector) Class not present: net.minecraftforge.event.entity.EntityLeaveWorldEvent
[23:00:31] [Render thread/INFO]: [OptiFine] (Reflector) Class not present: net.minecraftforge.client.event.EntityViewRenderEvent$CameraSetup
[23:00:31] [Render thread/INFO]: [OptiFine] (Reflector) Class not present: net.minecraftforge.client.event.EntityViewRenderEvent$FogColors
[23:00:31] [Render thread/INFO]: [OptiFine] (Reflector) Class not present: net.minecraftforge.client.event.EntityViewRenderEvent$RenderFogEvent
[23:00:31] [Render thread/INFO]: [OptiFine] (Reflector) Class not present: net.minecraftforge.event.entity.EntityJoinWorldEvent
[23:00:31] [Render thread/INFO]: [OptiFine] (Reflector) Method not present: net.minecraftforge.eventbus.api.Event.isCanceled
[23:00:31] [Render thread/INFO]: [OptiFine] (Reflector) Method not present: net.minecraftforge.eventbus.api.Event.getResult
[23:00:31] [Render thread/INFO]: [OptiFine] (Reflector) Class not present: net.minecraftforge.eventbus.api.IEventBus
[23:00:31] [Render thread/INFO]: [OptiFine] (Reflector) Class not present: net.minecraftforge.common.extensions.IForgeBlock
[23:00:31] [Render thread/INFO]: [OptiFine] (Reflector) Method not present: net.minecraft.client.renderer.BlockModelShapes.getTexture
[23:00:31] [Render thread/INFO]: [OptiFine] (Reflector) Method not present: net.minecraftforge.common.extensions.IForgeBlockState.addDestroyEffects
[23:00:31] [Render thread/INFO]: [OptiFine] (Reflector) Method not present: net.minecraftforge.common.extensions.IForgeBlockState.addHitEffects
[23:00:31] [Render thread/INFO]: [OptiFine] (Reflector) Method not present: net.minecraftforge.common.extensions.IForgeBlockState.getLightValue
[23:00:31] [Render thread/INFO]: [OptiFine] (Reflector) Method not present: net.minecraftforge.common.extensions.IForgeBlockState.getSoundType
[23:00:31] [Render thread/INFO]: [OptiFine] (Reflector) Method not present: net.minecraftforge.common.extensions.IForgeBlockState.getStateAtViewpoint
[23:00:31] [Render thread/INFO]: [OptiFine] (Reflector) Method not present: net.minecraftforge.common.extensions.IForgeBlockState.isAir
[23:00:31] [Render thread/INFO]: [OptiFine] (Reflector) Method not present: net.minecraftforge.common.extensions.IForgeBlockState.shouldDisplayFluidOverlay
[23:00:31] [Render thread/INFO]: [OptiFine] (Reflector) Class not present: net.minecraftforge.common.extensions.IForgeFluid
[23:00:31] [Render thread/INFO]: [OptiFine] (Reflector) Class not present: net.minecraftforge.fluids.FluidAttributes
[23:00:31] [Render thread/INFO]: [OptiFine] (Reflector) Method not present: net.minecraft.entity.EntityType.getTags
[23:00:31] [Render thread/INFO]: [OptiFine] (Reflector) Class not present: net.minecraftforge.event.ForgeEventFactory
[23:00:31] [Render thread/INFO]: [OptiFine] (Reflector) Method not present: net.minecraft.fluid.Fluid.getTags
[23:00:31] [Render thread/INFO]: [OptiFine] (Reflector) Class not present: net.minecraftforge.common.ForgeHooks
[23:00:31] [Render thread/INFO]: [OptiFine] (Reflector) Class not present: net.minecraftforge.common.ForgeConfig
[23:00:31] [Render thread/INFO]: [OptiFine] (Reflector) Class not present: net.minecraftforge.common.ForgeConfig$Client
[23:00:31] [Render thread/INFO]: [OptiFine] (Reflector) Class not present: net.minecraftforge.common.ForgeConfigSpec
[23:00:31] [Render thread/INFO]: [OptiFine] (Reflector) Class not present: net.minecraftforge.common.ForgeConfigSpec$ConfigValue
[23:00:31] [Render thread/INFO]: [OptiFine] (Reflector) Method not present: net.minecraft.world.chunk.IChunk.getWorldForge
[23:00:31] [Render thread/INFO]: [OptiFine] (Reflector) Class not present: net.minecraftforge.common.extensions.IForgeItem
[23:00:31] [Render thread/INFO]: [OptiFine] (Reflector) Class not present: net.minecraftforge.common.extensions.IForgeItemStack
[23:00:31] [Render thread/INFO]: [OptiFine] (Reflector) Class not present: net.minecraftforge.fml.ForgeI18n
[23:00:31] [Render thread/INFO]: [OptiFine] (Reflector) Method not present: net.minecraft.client.settings.KeyBinding.setKeyConflictContext
[23:00:31] [Render thread/INFO]: [OptiFine] (Reflector) Method not present: net.minecraft.client.settings.KeyBinding.setKeyModifierAndCode
[23:00:31] [Render thread/INFO]: [OptiFine] (Reflector) Method not present: net.minecraft.client.settings.KeyBinding.getKeyModifier
[23:00:31] [Render thread/INFO]: [OptiFine] (Reflector) Class not present: net.minecraftforge.common.extensions.IForgeEffectInstance
[23:00:31] [Render thread/INFO]: [OptiFine] (Reflector) Class not present: net.minecraftforge.registries.ForgeRegistryEntry
[23:00:31] [Render thread/INFO]: [OptiFine] (Reflector) Method not present: net.minecraft.client.renderer.RenderTypeLookup.canRenderInLayer
[23:00:31] [Render thread/INFO]: [OptiFine] (Reflector) Constructor not present: net.minecraft.world.server.Ticket, params: class net.minecraft.world.server.TicketType, int, class java.lang.Object, boolean
[23:00:31] [Render thread/INFO]: [OptiFine] (Reflector) Method not present: net.minecraft.world.server.Ticket.isForceTicks
[23:00:31] [Render thread/INFO]: [OptiFine] (Reflector) Class not present: net.minecraftforge.common.extensions.IForgeTileEntity
[23:00:31] [Render thread/INFO]: [OptiFine] (Reflector) Method not present: net.minecraft.client.world.DimensionRenderInfo.getCloudRenderHandler
[23:00:31] [Render thread/INFO]: [OptiFine] (Reflector) Method not present: net.minecraft.client.world.DimensionRenderInfo.getSkyRenderHandler
[23:00:31] [Render thread/INFO]: [OptiFine] (Reflector) Method not present: net.minecraft.client.world.DimensionRenderInfo.getWeatherParticleRenderHandler
[23:00:31] [Render thread/INFO]: [OptiFine] (Reflector) Method not present: net.minecraft.client.world.DimensionRenderInfo.getWeatherRenderHandler
[23:00:31] [Render thread/INFO]: [OptiFine] (Reflector) Class not present: net.minecraftforge.client.IRenderHandler
[23:00:31] [Render thread/INFO]: [OptiFine] (Reflector) Class not present: net.minecraftforge.client.model.pipeline.LightUtil
[23:00:31] [Render thread/INFO]: [OptiFine] (Reflector) Class not present: net.minecraftforge.common.MinecraftForge
[23:00:31] [Render thread/INFO]: [OptiFine] (Reflector) Class not present: net.minecraftforge.client.MinecraftForgeClient
[23:00:31] [Render thread/INFO]: [OptiFine] (Reflector) Class not present: net.minecraftforge.fml.common.ModContainer
[23:00:31] [Render thread/INFO]: [OptiFine] (Reflector) Class not present: net.minecraftforge.client.model.ModelLoaderRegistry
[23:00:31] [Render thread/INFO]: [OptiFine] (Reflector) Class not present: net.minecraftforge.entity.PartEntity
[23:00:31] [Render thread/INFO]: [OptiFine] (Reflector) Class not present: net.minecraftforge.event.entity.PlaySoundAtEntityEvent
[23:00:31] [Render thread/INFO]: [OptiFine] (Reflector) Class not present: net.minecraftforge.client.event.RenderBlockOverlayEvent$OverlayType
[23:00:31] [Render thread/INFO]: [OptiFine] (Reflector) Class not present: net.minecraftforge.fml.client.registry.RenderingRegistry
[23:00:31] [Render thread/INFO]: [OptiFine] (Reflector) Class not present: net.minecraftforge.client.event.RenderGameOverlayEvent$BossInfo
[23:00:31] [Render thread/INFO]: [OptiFine] (Reflector) Class not present: net.minecraftforge.client.event.RenderItemInFrameEvent
[23:00:31] [Render thread/INFO]: [OptiFine] (Reflector) Class not present: net.minecraftforge.client.event.RenderLivingEvent$Pre
[23:00:31] [Render thread/INFO]: [OptiFine] (Reflector) Class not present: net.minecraftforge.client.event.RenderLivingEvent$Post
[23:00:31] [Render thread/INFO]: [OptiFine] (Reflector) Class not present: net.minecraftforge.client.event.RenderNameplateEvent
[23:00:31] [Render thread/INFO]: [OptiFine] (Reflector) Class not present: net.minecraftforge.client.event.ScreenshotEvent
[23:00:31] [Render thread/INFO]: [OptiFine] (Reflector) Class not present: net.minecraftforge.fml.server.ServerLifecycleHooks
[23:00:31] [Render thread/INFO]: [OptiFine] (Reflector) Class not present: net.minecraftforge.event.world.WorldEvent$Load
[23:00:31] [Render thread/INFO]: [OptiFine] *** Reflector Vanilla ***
[23:00:32] [Worker-Main-6/INFO]: [OptiFine] Multitexture: false
[23:00:34] [Worker-Main-5/INFO]: [OptiFine] Multitexture: false
[23:00:34] [Realms Notification Availability checker #1/INFO]: Could not authorize you against Realms server: Invalid session id
[23:00:36] [Worker-Main-4/INFO]: [OptiFine] Multitexture: false
[23:00:36] [Worker-Main-4/INFO]: [OptiFine] ConnectedTextures: optifine/ctm/default/00_glass_white/glass_pane_white.properties
[23:00:36] [Worker-Main-4/INFO]: [OptiFine] ConnectedTextures: optifine/ctm/default/00_glass_white/glass_white.properties
[23:00:36] [Worker-Main-4/INFO]: [OptiFine] ConnectedTextures: optifine/ctm/default/01_glass_orange/glass_orange.properties
[23:00:36] [Worker-Main-4/INFO]: [OptiFine] ConnectedTextures: optifine/ctm/default/01_glass_orange/glass_pane_orange.properties
[23:00:36] [Worker-Main-4/INFO]: [OptiFine] ConnectedTextures: optifine/ctm/default/02_glass_magenta/glass_magenta.properties
[23:00:36] [Worker-Main-4/INFO]: [OptiFine] ConnectedTextures: optifine/ctm/default/02_glass_magenta/glass_pane_magenta.properties
[23:00:36] [Worker-Main-4/INFO]: [OptiFine] ConnectedTextures: optifine/ctm/default/03_glass_light_blue/glass_light_blue.properties
[23:00:36] [Worker-Main-4/INFO]: [OptiFine] ConnectedTextures: optifine/ctm/default/03_glass_light_blue/glass_pane_light_blue.properties
[23:00:36] [Worker-Main-4/INFO]: [OptiFine] ConnectedTextures: optifine/ctm/default/04_glass_yellow/glass_pane_yellow.properties
[23:00:36] [Worker-Main-4/INFO]: [OptiFine] ConnectedTextures: optifine/ctm/default/04_glass_yellow/glass_yellow.properties
[23:00:36] [Worker-Main-4/INFO]: [OptiFine] ConnectedTextures: optifine/ctm/default/05_glass_lime/glass_lime.properties
[23:00:36] [Worker-Main-4/INFO]: [OptiFine] ConnectedTextures: optifine/ctm/default/05_glass_lime/glass_pane_lime.properties
[23:00:36] [Worker-Main-4/INFO]: [OptiFine] ConnectedTextures: optifine/ctm/default/06_glass_pink/glass_pane_pink.properties
[23:00:36] [Worker-Main-4/INFO]: [OptiFine] ConnectedTextures: optifine/ctm/default/06_glass_pink/glass_pink.properties
[23:00:36] [Worker-Main-4/INFO]: [OptiFine] ConnectedTextures: optifine/ctm/default/07_glass_gray/glass_gray.properties
[23:00:36] [Worker-Main-4/INFO]: [OptiFine] ConnectedTextures: optifine/ctm/default/07_glass_gray/glass_pane_gray.properties
[23:00:36] [Worker-Main-4/INFO]: [OptiFine] ConnectedTextures: optifine/ctm/default/08_glass_light_gray/glass_light_gray.properties
[23:00:36] [Worker-Main-4/INFO]: [OptiFine] ConnectedTextures: optifine/ctm/default/08_glass_light_gray/glass_pane_light_gray.properties
[23:00:36] [Worker-Main-4/INFO]: [OptiFine] ConnectedTextures: optifine/ctm/default/09_glass_cyan/glass_cyan.properties
[23:00:36] [Worker-Main-4/INFO]: [OptiFine] ConnectedTextures: optifine/ctm/default/09_glass_cyan/glass_pane_cyan.properties
[23:00:36] [Worker-Main-4/INFO]: [OptiFine] ConnectedTextures: optifine/ctm/default/10_glass_purple/glass_pane_purple.properties
[23:00:36] [Worker-Main-4/INFO]: [OptiFine] ConnectedTextures: optifine/ctm/default/10_glass_purple/glass_purple.properties
[23:00:36] [Worker-Main-4/INFO]: [OptiFine] ConnectedTextures: optifine/ctm/default/11_glass_blue/glass_blue.properties
[23:00:36] [Worker-Main-4/INFO]: [OptiFine] ConnectedTextures: optifine/ctm/default/11_glass_blue/glass_pane_blue.properties
[23:00:36] [Worker-Main-4/INFO]: [OptiFine] ConnectedTextures: optifine/ctm/default/12_glass_brown/glass_brown.properties
[23:00:36] [Worker-Main-4/INFO]: [OptiFine] ConnectedTextures: optifine/ctm/default/12_glass_brown/glass_pane_brown.properties
[23:00:36] [Worker-Main-4/INFO]: [OptiFine] ConnectedTextures: optifine/ctm/default/13_glass_green/glass_green.properties
[23:00:36] [Worker-Main-4/INFO]: [OptiFine] ConnectedTextures: optifine/ctm/default/13_glass_green/glass_pane_green.properties
[23:00:36] [Worker-Main-4/INFO]: [OptiFine] ConnectedTextures: optifine/ctm/default/14_glass_red/glass_pane_red.properties
[23:00:36] [Worker-Main-4/INFO]: [OptiFine] ConnectedTextures: optifine/ctm/default/14_glass_red/glass_red.properties
[23:00:36] [Worker-Main-4/INFO]: [OptiFine] ConnectedTextures: optifine/ctm/default/15_glass_black/glass_black.properties
[23:00:36] [Worker-Main-4/INFO]: [OptiFine] ConnectedTextures: optifine/ctm/default/15_glass_black/glass_pane_black.properties
[23:00:36] [Worker-Main-4/INFO]: [OptiFine] ConnectedTextures: optifine/ctm/default/20_glass/glass.properties
[23:00:36] [Worker-Main-4/INFO]: [OptiFine] ConnectedTextures: optifine/ctm/default/20_glass/glass_pane.properties
[23:00:36] [Worker-Main-4/INFO]: [OptiFine] ConnectedTextures: optifine/ctm/default/30_bookshelf/bookshelf.properties
[23:00:36] [Worker-Main-4/INFO]: [OptiFine] ConnectedTextures: optifine/ctm/default/40_sandstone/sandstone.properties
[23:00:36] [Worker-Main-4/INFO]: [OptiFine] ConnectedTextures: optifine/ctm/default/41_red_sandstone/red_sandstone.properties
[23:00:36] [Worker-Main-4/INFO]: [OptiFine] Multipass connected textures: false
[23:00:36] [Worker-Main-4/INFO]: [OptiFine] BetterGrass: Parsing default configuration optifine/bettergrass.properties
[23:00:40] [Worker-Main-4/INFO]: [OptiFine] Mipmap levels: 4
[23:00:41] [Worker-Main-7/INFO]: [OptiFine] Multitexture: false
[23:00:42] [Worker-Main-4/INFO]: [OptiFine] Multitexture: false
[23:00:42] [Worker-Main-4/INFO]: [OptiFine] Sprite size: 64
[23:00:42] [Worker-Main-4/INFO]: [OptiFine] Mipmap levels: 6
[23:00:42] [Worker-Main-4/INFO]: [OptiFine] Multitexture: false
[23:00:42] [Worker-Main-4/INFO]: [OptiFine] Sprite size: 64
[23:00:42] [Worker-Main-4/INFO]: [OptiFine] Mipmap levels: 6
[23:00:42] [Worker-Main-4/INFO]: [OptiFine] Multitexture: false
[23:00:42] [Worker-Main-4/INFO]: [OptiFine] Sprite size: 64
[23:00:42] [Worker-Main-4/INFO]: [OptiFine] Mipmap levels: 6
[23:00:43] [Worker-Main-4/INFO]: [OptiFine] Multitexture: false
[23:00:43] [Worker-Main-4/INFO]: [OptiFine] Sprite size: 64
[23:00:43] [Worker-Main-4/INFO]: [OptiFine] Mipmap levels: 6
[23:00:43] [Worker-Main-4/INFO]: [OptiFine] Multitexture: false
[23:00:43] [Worker-Main-4/INFO]: [OptiFine] Sprite size: 64
[23:00:43] [Worker-Main-4/INFO]: [OptiFine] Mipmap levels: 6
[23:00:43] [Worker-Main-4/INFO]: [OptiFine] Multitexture: false
[23:00:43] [Worker-Main-4/INFO]: [OptiFine] Sprite size: 64
[23:00:43] [Worker-Main-4/INFO]: [OptiFine] Mipmap levels: 6
[23:00:44] [Render thread/INFO]: OpenAL initialized.
[23:00:44] [Render thread/INFO]: Sound engine started
[23:00:44] [Render thread/INFO]: Created: 1024x512x4 minecraft:textures/atlas/blocks.png-atlas
[23:00:44] [Render thread/INFO]: [OptiFine] Animated sprites: 43
[23:00:44] [Render thread/INFO]: Created: 256x128x4 minecraft:textures/atlas/signs.png-atlas
[23:00:44] [Render thread/INFO]: [OptiFine] Animated sprites: 0
[23:00:44] [Render thread/INFO]: Created: 512x512x4 minecraft:textures/atlas/banner_patterns.png-atlas
[23:00:44] [Render thread/INFO]: [OptiFine] Animated sprites: 0
[23:00:44] [Render thread/INFO]: Created: 512x512x4 minecraft:textures/atlas/shield_patterns.png-atlas
[23:00:44] [Render thread/INFO]: [OptiFine] Animated sprites: 0
[23:00:44] [Render thread/INFO]: Created: 256x256x4 minecraft:textures/atlas/chest.png-atlas
[23:00:44] [Render thread/INFO]: [OptiFine] Animated sprites: 0
[23:00:44] [Render thread/INFO]: Created: 512x256x4 minecraft:textures/atlas/beds.png-atlas
[23:00:44] [Render thread/INFO]: [OptiFine] Animated sprites: 0
[23:00:44] [Render thread/INFO]: Created: 512x256x4 minecraft:textures/atlas/shulker_boxes.png-atlas
[23:00:44] [Render thread/INFO]: [OptiFine] Animated sprites: 0
[23:00:46] [Render thread/INFO]: Created: 256x256x0 minecraft:textures/atlas/particles.png-atlas
[23:00:46] [Render thread/INFO]: [OptiFine] Animated sprites: 0
[23:00:46] [Render thread/INFO]: Created: 256x256x0 minecraft:textures/atlas/paintings.png-atlas
[23:00:46] [Render thread/INFO]: [OptiFine] Animated sprites: 0
[23:00:46] [Render thread/INFO]: Created: 128x128x0 minecraft:textures/atlas/mob_effects.png-atlas
[23:00:46] [Render thread/INFO]: [OptiFine] Animated sprites: 0
[23:00:46] [Render thread/INFO]: [OptiFine] *** Reloading custom textures ***
[23:00:49] [Render thread/INFO]: [OptiFine] Disable Forge light pipeline
[23:01:00] [Render thread/WARN]: Ambiguity between arguments [teleport, destination] and [teleport, targets] with inputs: [Player, 0123, @e, dd12be42-52a9-4a91-a8a1-11c01849e498]
[23:01:00] [Render thread/WARN]: Ambiguity between arguments [teleport, location] and [teleport, destination] with inputs: [0.1 -0.5 .9, 0 0 0]
[23:01:00] [Render thread/WARN]: Ambiguity between arguments [teleport, location] and [teleport, targets] with inputs: [0.1 -0.5 .9, 0 0 0]
[23:01:00] [Render thread/WARN]: Ambiguity between arguments [teleport, targets] and [teleport, destination] with inputs: [Player, 0123, dd12be42-52a9-4a91-a8a1-11c01849e498]
[23:01:00] [Render thread/WARN]: Ambiguity between arguments [teleport, targets, location] and [teleport, targets, destination] with inputs: [0.1 -0.5 .9, 0 0 0]
[23:01:00] [Render thread/INFO]: Reloading ResourceManager: Default
[23:01:01] [Render thread/INFO]: Loaded 7 recipes
[23:01:01] [Render thread/INFO]: Loaded 927 advancements
[23:01:03] [Render thread/INFO]: Environment: authHost='https://authserver.mojang.com', accountsHost='https://api.mojang.com', sessionHost='https://sessionserver.mojang.com', servicesHost='https://api.minecraftservices.com', name='PROD'
[23:01:03] [Server thread/INFO]: Starting integrated minecraft server version 1.16.5
[23:01:03] [Server thread/INFO]: Generating keypair
[23:01:03] [Server thread/INFO]: Preparing start region for dimension minecraft:overworld
[23:01:07] [Render thread/INFO]: Preparing spawn area: 0%
[23:01:07] [Render thread/INFO]: Preparing spawn area: 0%
[23:01:07] [Render thread/INFO]: Preparing spawn area: 0%
[23:01:07] [Render thread/INFO]: Preparing spawn area: 0%
[23:01:07] [Render thread/INFO]: Preparing spawn area: 0%
[23:01:07] [Render thread/INFO]: Preparing spawn area: 0%
[23:01:07] [Render thread/INFO]: Preparing spawn area: 0%
[23:01:07] [Render thread/INFO]: Preparing spawn area: 0%
[23:01:08] [Render thread/INFO]: Preparing spawn area: 83%
[23:01:08] [Render thread/INFO]: Preparing spawn area: 83%
[23:01:08] [Render thread/INFO]: Preparing spawn area: 83%
[23:01:09] [Render thread/INFO]: Preparing spawn area: 83%
[23:01:09] [Render thread/INFO]: Preparing spawn area: 89%
[23:01:10] [Render thread/INFO]: Preparing spawn area: 89%
[23:01:10] [Render thread/INFO]: Preparing spawn area: 89%
[23:01:11] [Render thread/INFO]: Preparing spawn area: 89%
[23:01:12] [Render thread/INFO]: Preparing spawn area: 91%
[23:01:12] [Render thread/INFO]: Preparing spawn area: 91%
[23:01:12] [Render thread/INFO]: Preparing spawn area: 91%
[23:01:12] [Render thread/INFO]: Time elapsed: 9082 ms
[23:01:12] [Server thread/INFO]: Changing view distance to 7, from 10
[23:01:26] [Server thread/INFO]: Player646[local:E:8cd3bbae] logged in with entity id 187 at (-587.3407759017788, 73.41999998688698, 100.69999998807907)
[23:01:26] [Server thread/INFO]: Player646 joined the game
[23:01:26] [Server thread/WARN]: Can't keep up! Is the server overloaded? Running 6608ms or 132 ticks behind
[23:01:31] [Server thread/INFO]: Saving and pausing game...
[23:01:31] [Server thread/INFO]: Saving chunks for level 'ServerLevel[New World]'/minecraft:overworld
[23:01:33] [Server thread/INFO]: Saving chunks for level 'ServerLevel[New World]'/minecraft:the_nether
[23:01:33] [Server thread/INFO]: Saving chunks for level 'ServerLevel[New World]'/minecraft:the_end
[23:01:34] [Render thread/INFO]: Loaded 0 advancements
[23:01:44] [Server thread/INFO]: Saving and pausing game...
[23:01:45] [Server thread/INFO]: Saving chunks for level 'ServerLevel[New World]'/minecraft:overworld
[23:01:46] [Server thread/INFO]: Saving chunks for level 'ServerLevel[New World]'/minecraft:the_nether
[23:01:46] [Server thread/INFO]: Saving chunks for level 'ServerLevel[New World]'/minecraft:the_end
[23:01:46] [Server thread/WARN]: Can't keep up! Is the server overloaded? Running 4585ms or 91 ticks behind
[23:02:41] [Server thread/WARN]: Can't keep up! Is the server overloaded? Running 2590ms or 51 ticks behind
